<?xml version="1.0" encoding="UTF-8"?>
<!-- Generated by org.testng.reporters.JUnitReportReporter -->
<testsuite hostname="AlexeySobolev-MBP" failures="0" tests="2" name="tests.RZDTrainTests" time="52.905" errors="0" timestamp="2024-03-12T12:27:14 CET" skipped="0">
  <testcase classname="tests.RZDTrainTests" name="searchTicketsActual" time="38.698"/>
  <testcase classname="tests.RZDTrainTests" name="searchTicketsJune" time="14.207"/>
</testsuite> <!-- tests.RZDTrainTests -->
