<?xml version="1.0" encoding="UTF-8"?>
<!-- Generated by org.testng.reporters.JUnitReportReporter -->
<testsuite hostname="AlexeySobolev-MBP" failures="0" tests="2" name="tests.RZDTrainTests" time="57.339" errors="0" timestamp="2024-03-12T15:16:32 CET" skipped="0">
  <testcase classname="tests.RZDTrainTests" name="searchTicketsActual" time="41.925"/>
  <testcase classname="tests.RZDTrainTests" name="searchTicketsJune" time="15.414"/>
</testsuite> <!-- tests.RZDTrainTests -->
