<?xml version="1.0" encoding="UTF-8"?>
<!-- Generated by org.testng.reporters.JUnitReportReporter -->
<testsuite hostname="AlexeySobolev-MBP" failures="0" tests="3" name="tests.RZDTrainTests" time="74.628" errors="0" timestamp="2024-03-20T13:29:24 CET" skipped="0">
  <testcase classname="tests.RZDTrainTests" name="searchTicketsJuneDirectionBack" time="16.317"/>
  <testcase classname="tests.RZDTrainTests" name="searchTicketsJune" time="22.173"/>
  <testcase classname="tests.RZDTrainTests" name="searchTicketsJuneOneDirectionA" time="36.138"/>
</testsuite> <!-- tests.RZDTrainTests -->
