<?xml version="1.0" encoding="UTF-8"?>
<!-- Generated by org.testng.reporters.JUnitReportReporter -->
<testsuite hostname="AlexeySobolev-MBP" failures="0" tests="3" name="tests.RZDTrainTests" time="77.204" errors="0" timestamp="2024-03-20T17:06:34 CET" skipped="0">
  <testcase classname="tests.RZDTrainTests" name="searchTicketsJune" time="21.824"/>
  <testcase classname="tests.RZDTrainTests" name="searchTicketsJuneDirectionBack" time="18.941"/>
  <testcase classname="tests.RZDTrainTests" name="searchTicketsJuneOneDirectionA" time="36.439"/>
</testsuite> <!-- tests.RZDTrainTests -->
