<?xml version="1.0" encoding="UTF-8"?>
<!-- Generated by org.testng.reporters.JUnitReportReporter -->
<testsuite hostname="AlexeySobolev-MBP" failures="0" tests="2" name="tests.RZDTrainTests" time="53.613" errors="0" timestamp="2024-03-12T22:17:41 CET" skipped="0">
  <testcase classname="tests.RZDTrainTests" name="searchTicketsActual" time="39.646"/>
  <testcase classname="tests.RZDTrainTests" name="searchTicketsJune" time="13.967"/>
</testsuite> <!-- tests.RZDTrainTests -->
