<?xml version="1.0" encoding="UTF-8"?>
<!-- Generated by org.testng.reporters.JUnitReportReporter -->
<testsuite hostname="AlexeySobolev-MBP" failures="0" tests="1" name="tests.RZDTrainTests" time="18.538" errors="0" timestamp="2024-03-27T23:43:47 CET" skipped="0">
  <testcase classname="tests.RZDTrainTests" name="searchTicketsJuneDirectionBack" time="18.538"/>
</testsuite> <!-- tests.RZDTrainTests -->
