<?xml version="1.0" encoding="UTF-8"?>
<!-- Generated by org.testng.reporters.JUnitReportReporter -->
<testsuite hostname="AlexeySobolev-MBP" failures="0" tests="2" name="tests.RZDTrainTests" time="51.650" errors="0" timestamp="2024-03-12T15:56:33 CET" skipped="0">
  <testcase classname="tests.RZDTrainTests" name="searchTicketsActual" time="36.060"/>
  <testcase classname="tests.RZDTrainTests" name="searchTicketsJune" time="15.590"/>
</testsuite> <!-- tests.RZDTrainTests -->
