<?xml version="1.0" encoding="UTF-8"?>
<!-- Generated by org.testng.reporters.JUnitReportReporter -->
<testsuite hostname="AlexeySobolev-MBP" failures="0" tests="2" name="tests.RZDTrainTests" time="57.719" errors="0" timestamp="2024-03-11T13:10:34 CET" skipped="0">
  <testcase classname="tests.RZDTrainTests" name="searchTicketsJune" time="17.359"/>
  <testcase classname="tests.RZDTrainTests" name="searchTicketsActual" time="40.360"/>
</testsuite> <!-- tests.RZDTrainTests -->
