<?xml version="1.0" encoding="UTF-8"?>
<!-- Generated by org.testng.reporters.JUnitReportReporter -->
<testsuite hostname="AlexeySobolev-MBP" failures="0" tests="2" name="tests.RZDTrainTests" time="3319.579" errors="0" timestamp="2024-03-14T21:02:12 CET" skipped="0">
  <testcase classname="tests.RZDTrainTests" name="searchTicketsActual" time="2341.178"/>
  <testcase classname="tests.RZDTrainTests" name="searchTicketsJune" time="978.401"/>
</testsuite> <!-- tests.RZDTrainTests -->
